[debug] [2020-09-24T17:50:07.034Z] ----------------------------------------------------------------------
[debug] [2020-09-24T17:50:07.035Z] Command:       /usr/local/bin/node /usr/local/bin/firebase emulators:start --only functions
[debug] [2020-09-24T17:50:07.035Z] CLI Version:   7.16.0
[debug] [2020-09-24T17:50:07.035Z] Platform:      darwin
[debug] [2020-09-24T17:50:07.035Z] Node Version:  v12.16.1
[debug] [2020-09-24T17:50:07.036Z] Time:          Fri Sep 25 2020 02:50:07 GMT+0900 (Korean Standard Time)
[debug] [2020-09-24T17:50:07.036Z] ----------------------------------------------------------------------
[debug] [2020-09-24T17:50:07.036Z] 
[debug] [2020-09-24T17:50:07.041Z] > command requires scopes: ["email","openid","https://www.googleapis.com/auth/cloudplatformprojects.readonly","https://www.googleapis.com/auth/firebase","https://www.googleapis.com/auth/cloud-platform"]
[debug] [2020-09-24T17:50:07.041Z] > authorizing via signed-in user
[info] i  emulators: Starting emulators: functions
[warn] ⚠  emulators: It seems that you are running multiple instances of the emulator suite for project regex-explorer. This may result in unexpected behavior.
[debug] [2020-09-24T17:50:07.074Z] [hub] writing locator at /var/folders/40/y0klpcm56nq7y1q16gjchj9c0000gn/T/hub-regex-explorer.json
[info] ✔  hub: emulator hub started at http://localhost:4400
[warn] ⚠  Your requested "node" version "8" doesn't match your global version "12"
[info] ✔  functions: functions emulator started at http://localhost:5001
[info] i  functions: Watching "/Users/tahooki/Documents/git/Regex-Explorer/functions" for Cloud Functions...
[debug] [2020-09-24T17:50:07.353Z] [worker-pool] addWorker(~diagnostic~)
[debug] [2020-09-24T17:50:07.353Z] [worker-pool] Adding worker with key ~diagnostic~, total=1
[debug] [2020-09-24T17:50:07.353Z] [worker-pool] submitWork(triggerId=)
[debug] [2020-09-24T17:50:07.354Z] [worker-~diagnostic~-2cfd08df-aa70-4dab-bf41-28b1563e8db2]: Assigning socketPath: /var/folders/40/y0klpcm56nq7y1q16gjchj9c0000gn/T/fire_emu_43908.sock
[debug] [2020-09-24T17:50:07.354Z] [worker-~diagnostic~-2cfd08df-aa70-4dab-bf41-28b1563e8db2]: BUSY
[debug] [2020-09-24T17:50:07.528Z] [runtime-status] [43908] Functions runtime initialized. {"cwd":"/Users/tahooki/Documents/git/Regex-Explorer/functions","node_version":"12.16.1"}
[debug] [2020-09-24T17:50:07.529Z] [runtime-status] [43908] Disabled runtime features: undefined
[debug] [2020-09-24T17:50:07.533Z] [runtime-status] [43908] Resolved module firebase-admin {"declared":true,"installed":true,"version":"8.13.0","resolution":"/Users/tahooki/Documents/git/Regex-Explorer/functions/node_modules/firebase-admin/lib/index.js"}
[debug] [2020-09-24T17:50:07.534Z] [runtime-status] [43908] Resolved module firebase-functions {"declared":true,"installed":true,"version":"3.11.0","resolution":"/Users/tahooki/Documents/git/Regex-Explorer/functions/node_modules/firebase-functions/lib/index.js"}
[debug] [2020-09-24T17:50:07.796Z] [runtime-status] [43908] Found google-gax at /Users/tahooki/Documents/git/Regex-Explorer/functions/node_modules/google-gax/build/src/index.js
[debug] [2020-09-24T17:50:07.796Z] [runtime-status] [43908] Outgoing network have been stubbed. [{"name":"http","status":"mocked"},{"name":"http","status":"mocked"},{"name":"https","status":"mocked"},{"name":"https","status":"mocked"},{"name":"net","status":"mocked"},{"name":"google-gax","status":"mocked"}]
[debug] [2020-09-24T17:50:07.842Z] [runtime-status] [43908] Checked functions.config() {"config":{}}
[debug] [2020-09-24T17:50:07.842Z] [runtime-status] [43908] Error in handleMessage: {"frb":{"cwd":"/Users/tahooki/Documents/git/Regex-Explorer/functions","projectId":"regex-explorer","triggerId":"","emulators":{},"socketPath":"/var/folders/40/y0klpcm56nq7y1q16gjchj9c0000gn/T/fire_emu_43908.sock"},"opts":{"nodeBinary":"/usr/local/bin/node"}} => TypeError: Cannot set property config of #<Object> which has only a getter: TypeError: Cannot set property config of #<Object> which has only a getter
    at /usr/local/lib/node_modules/firebase-tools/lib/emulator/functionsEmulatorRuntime.js:554:19
    at Generator.next (<anonymous>)
    at fulfilled (/usr/local/lib/node_modules/firebase-tools/lib/emulator/functionsEmulatorRuntime.js:5:58)
    at processTicksAndRejections (internal/process/task_queues.js:97:5)
[warn] ⚠  functions: Cannot set property config of #<Object> which has only a getter
[warn] ⚠  Your function was killed because it raised an unhandled error.
[debug] [2020-09-24T17:50:07.847Z] [worker-~diagnostic~-2cfd08df-aa70-4dab-bf41-28b1563e8db2]: exited
[debug] [2020-09-24T17:50:07.847Z] [worker-~diagnostic~-2cfd08df-aa70-4dab-bf41-28b1563e8db2]: FINISHED
[debug] [2020-09-24T17:51:52.106Z] File /Users/tahooki/Documents/git/Regex-Explorer/functions/src/index.ts changed, reloading triggers
[debug] [2020-09-24T17:51:53.108Z] [worker-pool] Cleaned up workers for ~diagnostic~: 1 --> 0
[debug] [2020-09-24T17:51:53.113Z] [worker-pool] addWorker(~diagnostic~)
[debug] [2020-09-24T17:51:53.113Z] [worker-pool] Adding worker with key ~diagnostic~, total=1
[debug] [2020-09-24T17:51:53.113Z] [worker-pool] submitWork(triggerId=)
[debug] [2020-09-24T17:51:53.113Z] [worker-~diagnostic~-9b728c04-338c-4ebf-af30-957fde4ed828]: Assigning socketPath: /var/folders/40/y0klpcm56nq7y1q16gjchj9c0000gn/T/fire_emu_43915.sock
[debug] [2020-09-24T17:51:53.113Z] [worker-~diagnostic~-9b728c04-338c-4ebf-af30-957fde4ed828]: BUSY
[debug] [2020-09-24T17:51:53.310Z] [runtime-status] [43915] Functions runtime initialized. {"cwd":"/Users/tahooki/Documents/git/Regex-Explorer/functions","node_version":"12.16.1"}
[debug] [2020-09-24T17:51:53.311Z] [runtime-status] [43915] Disabled runtime features: undefined
[debug] [2020-09-24T17:51:53.313Z] [runtime-status] [43915] Resolved module firebase-admin {"declared":true,"installed":true,"version":"8.13.0","resolution":"/Users/tahooki/Documents/git/Regex-Explorer/functions/node_modules/firebase-admin/lib/index.js"}
[debug] [2020-09-24T17:51:53.313Z] [runtime-status] [43915] Resolved module firebase-functions {"declared":true,"installed":true,"version":"3.11.0","resolution":"/Users/tahooki/Documents/git/Regex-Explorer/functions/node_modules/firebase-functions/lib/index.js"}
[debug] [2020-09-24T17:51:53.413Z] [runtime-status] [43915] Found google-gax at /Users/tahooki/Documents/git/Regex-Explorer/functions/node_modules/google-gax/build/src/index.js
[debug] [2020-09-24T17:51:53.413Z] [runtime-status] [43915] Outgoing network have been stubbed. [{"name":"http","status":"mocked"},{"name":"http","status":"mocked"},{"name":"https","status":"mocked"},{"name":"https","status":"mocked"},{"name":"net","status":"mocked"},{"name":"google-gax","status":"mocked"}]
[debug] [2020-09-24T17:51:53.441Z] [runtime-status] [43915] Checked functions.config() {"config":{}}
[debug] [2020-09-24T17:51:53.441Z] [runtime-status] [43915] Error in handleMessage: {"frb":{"cwd":"/Users/tahooki/Documents/git/Regex-Explorer/functions","projectId":"regex-explorer","triggerId":"","emulators":{},"socketPath":"/var/folders/40/y0klpcm56nq7y1q16gjchj9c0000gn/T/fire_emu_43915.sock"},"opts":{"nodeBinary":"/usr/local/bin/node"}} => TypeError: Cannot set property config of #<Object> which has only a getter: TypeError: Cannot set property config of #<Object> which has only a getter
    at /usr/local/lib/node_modules/firebase-tools/lib/emulator/functionsEmulatorRuntime.js:554:19
    at Generator.next (<anonymous>)
    at fulfilled (/usr/local/lib/node_modules/firebase-tools/lib/emulator/functionsEmulatorRuntime.js:5:58)
    at processTicksAndRejections (internal/process/task_queues.js:97:5)
[warn] ⚠  functions: Cannot set property config of #<Object> which has only a getter
[warn] ⚠  Your function was killed because it raised an unhandled error.
[debug] [2020-09-24T17:51:53.445Z] [worker-~diagnostic~-9b728c04-338c-4ebf-af30-957fde4ed828]: exited
[debug] [2020-09-24T17:51:53.446Z] [worker-~diagnostic~-9b728c04-338c-4ebf-af30-957fde4ed828]: FINISHED
[debug] [2020-09-25T14:38:25.455Z] ----------------------------------------------------------------------
[debug] [2020-09-25T14:38:25.457Z] Command:       /usr/local/bin/node /usr/local/bin/firebase functions:shell
[debug] [2020-09-25T14:38:25.457Z] CLI Version:   7.16.0
[debug] [2020-09-25T14:38:25.457Z] Platform:      darwin
[debug] [2020-09-25T14:38:25.457Z] Node Version:  v12.16.1
[debug] [2020-09-25T14:38:25.464Z] Time:          Fri Sep 25 2020 23:38:25 GMT+0900 (Korean Standard Time)
[debug] [2020-09-25T14:38:25.464Z] ----------------------------------------------------------------------
[debug] [2020-09-25T14:38:25.464Z] 
[debug] [2020-09-25T14:38:25.470Z] > command requires scopes: ["email","openid","https://www.googleapis.com/auth/cloudplatformprojects.readonly","https://www.googleapis.com/auth/firebase","https://www.googleapis.com/auth/cloud-platform"]
[debug] [2020-09-25T14:38:25.470Z] > authorizing via signed-in user
[debug] [2020-09-25T14:38:25.470Z] [iam] checking project regex-explorer for permissions ["firebase.projects.get"]
[debug] [2020-09-25T14:38:25.473Z] > refreshing access token with scopes: ["email","https://www.googleapis.com/auth/cloud-platform","https://www.googleapis.com/auth/cloudplatformprojects.readonly","https://www.googleapis.com/auth/firebase","openid"]
[debug] [2020-09-25T14:38:25.473Z] >>> HTTP REQUEST POST https://www.googleapis.com/oauth2/v3/token  
 <request body omitted>
[debug] [2020-09-25T14:38:25.715Z] <<< HTTP RESPONSE 200
[debug] [2020-09-25T14:38:25.729Z] >>> HTTP REQUEST POST https://cloudresourcemanager.googleapis.com/v1/projects/regex-explorer:testIamPermissions  

[debug] [2020-09-25T14:38:26.518Z] <<< HTTP RESPONSE 200
[warn] ⚠  Your requested "node" version "8" doesn't match your global version "12"
[info] ✔  functions: functions emulator started at http://localhost:5000
[debug] [2020-09-25T14:38:26.543Z] [functions] Watching "/Users/tahooki/Documents/git/Regex-Explorer/functions" for Cloud Functions...
[debug] [2020-09-25T14:38:26.551Z] DEBUG: [worker-pool] addWorker(~diagnostic~)
[debug] [2020-09-25T14:38:26.551Z] DEBUG: [worker-pool] Adding worker with key ~diagnostic~, total=1
[debug] [2020-09-25T14:38:26.551Z] DEBUG: [worker-pool] submitWork(triggerId=)
[debug] [2020-09-25T14:38:26.552Z] DEBUG: [worker-~diagnostic~-88524d7b-3899-45cd-b267-69dd801b5a13]: Assigning socketPath: /var/folders/40/y0klpcm56nq7y1q16gjchj9c0000gn/T/fire_emu_2461.sock
[debug] [2020-09-25T14:38:26.552Z] DEBUG: [worker-~diagnostic~-88524d7b-3899-45cd-b267-69dd801b5a13]: BUSY
[debug] [2020-09-25T14:38:26.721Z] DEBUG: [runtime-status] [2461] Functions runtime initialized. {"cwd":"/Users/tahooki/Documents/git/Regex-Explorer/functions","node_version":"12.16.1"}
[debug] [2020-09-25T14:38:26.722Z] DEBUG: [runtime-status] [2461] Disabled runtime features: {"functions_config_helper":true,"network_filtering":true,"timeout":true,"memory_limiting":true,"admin_stubs":true,"pubsub_emulator":true}
[debug] [2020-09-25T14:38:26.726Z] DEBUG: [runtime-status] [2461] Resolved module firebase-admin {"declared":true,"installed":true,"version":"8.13.0","resolution":"/Users/tahooki/Documents/git/Regex-Explorer/functions/node_modules/firebase-admin/lib/index.js"}
[debug] [2020-09-25T14:38:26.727Z] DEBUG: [runtime-status] [2461] Resolved module firebase-functions {"declared":true,"installed":true,"version":"3.11.0","resolution":"/Users/tahooki/Documents/git/Regex-Explorer/functions/node_modules/firebase-functions/lib/index.js"}
[debug] [2020-09-25T14:38:26.728Z] DEBUG: [runtime-status] [2461] Resolved module firebase-functions {"declared":true,"installed":true,"version":"3.11.0","resolution":"/Users/tahooki/Documents/git/Regex-Explorer/functions/node_modules/firebase-functions/lib/index.js"}
[warn] ⚠  Error: Cannot find module '/Users/tahooki/Documents/git/Regex-Explorer/functions/lib/index.js'. Please verify that the package.json has a valid "main" entry
    at tryPackage (internal/modules/cjs/loader.js:316:19)
    at Function.Module._findPath (internal/modules/cjs/loader.js:705:18)
    at Function.Module._resolveFilename (internal/modules/cjs/loader.js:969:27)
    at Function.Module._load (internal/modules/cjs/loader.js:864:27)
    at Module.require (internal/modules/cjs/loader.js:1044:19)
    at require (internal/modules/cjs/helpers.js:77:18)
    at /usr/local/lib/node_modules/firebase-tools/lib/emulator/functionsEmulatorRuntime.js:759:33
    at Generator.next (<anonymous>)
    at fulfilled (/usr/local/lib/node_modules/firebase-tools/lib/emulator/functionsEmulatorRuntime.js:5:58)
    at processTicksAndRejections (internal/process/task_queues.js:97:5)
[warn] ⚠  We were unable to load your functions code. (see above)
   - It appears your code is written in Typescript, which must be compiled before emulation.
   - You may be able to run "npm run build" in your functions directory to resolve this.
[debug] [2020-09-25T14:38:26.793Z] DEBUG: [worker-~diagnostic~-88524d7b-3899-45cd-b267-69dd801b5a13]: exited
[debug] [2020-09-25T14:38:26.793Z] DEBUG: [worker-~diagnostic~-88524d7b-3899-45cd-b267-69dd801b5a13]: FINISHED
[debug] [2020-09-25T14:39:13.827Z] DEBUG: File /Users/tahooki/Documents/git/Regex-Explorer/functions/package.json changed, reloading triggers
[debug] [2020-09-25T14:39:14.830Z] DEBUG: [worker-pool] Cleaned up workers for ~diagnostic~: 1 --> 0
[debug] [2020-09-25T14:39:14.835Z] DEBUG: [worker-pool] addWorker(~diagnostic~)
[debug] [2020-09-25T14:39:14.835Z] DEBUG: [worker-pool] Adding worker with key ~diagnostic~, total=1
[debug] [2020-09-25T14:39:14.835Z] DEBUG: [worker-pool] submitWork(triggerId=)
[debug] [2020-09-25T14:39:14.836Z] DEBUG: [worker-~diagnostic~-4adba423-f018-4e2a-bb47-86df7bc2f39c]: Assigning socketPath: /var/folders/40/y0klpcm56nq7y1q16gjchj9c0000gn/T/fire_emu_2480.sock
[debug] [2020-09-25T14:39:14.836Z] DEBUG: [worker-~diagnostic~-4adba423-f018-4e2a-bb47-86df7bc2f39c]: BUSY
[debug] [2020-09-25T14:39:15.122Z] DEBUG: [runtime-status] [2480] Functions runtime initialized. {"cwd":"/Users/tahooki/Documents/git/Regex-Explorer/functions","node_version":"12.16.1"}
[debug] [2020-09-25T14:39:15.123Z] DEBUG: [runtime-status] [2480] Disabled runtime features: {"functions_config_helper":true,"network_filtering":true,"timeout":true,"memory_limiting":true,"admin_stubs":true,"pubsub_emulator":true}
[debug] [2020-09-25T14:39:15.125Z] DEBUG: [runtime-status] [2480] Resolved module firebase-admin {"declared":true,"installed":true,"version":"8.13.0","resolution":"/Users/tahooki/Documents/git/Regex-Explorer/functions/node_modules/firebase-admin/lib/index.js"}
[debug] [2020-09-25T14:39:15.126Z] DEBUG: [runtime-status] [2480] Resolved module firebase-functions {"declared":true,"installed":true,"version":"3.11.0","resolution":"/Users/tahooki/Documents/git/Regex-Explorer/functions/node_modules/firebase-functions/lib/index.js"}
[debug] [2020-09-25T14:39:15.126Z] DEBUG: [runtime-status] [2480] Resolved module firebase-functions {"declared":true,"installed":true,"version":"3.11.0","resolution":"/Users/tahooki/Documents/git/Regex-Explorer/functions/node_modules/firebase-functions/lib/index.js"}
[warn] ⚠  Error: Cannot find module '/Users/tahooki/Documents/git/Regex-Explorer/functions/lib/index.js'. Please verify that the package.json has a valid "main" entry
    at tryPackage (internal/modules/cjs/loader.js:316:19)
    at Function.Module._findPath (internal/modules/cjs/loader.js:705:18)
    at Function.Module._resolveFilename (internal/modules/cjs/loader.js:969:27)
    at Function.Module._load (internal/modules/cjs/loader.js:864:27)
    at Module.require (internal/modules/cjs/loader.js:1044:19)
    at require (internal/modules/cjs/helpers.js:77:18)
    at /usr/local/lib/node_modules/firebase-tools/lib/emulator/functionsEmulatorRuntime.js:759:33
    at Generator.next (<anonymous>)
    at fulfilled (/usr/local/lib/node_modules/firebase-tools/lib/emulator/functionsEmulatorRuntime.js:5:58)
    at processTicksAndRejections (internal/process/task_queues.js:97:5)
[warn] ⚠  We were unable to load your functions code. (see above)
   - It appears your code is written in Typescript, which must be compiled before emulation.
   - You may be able to run "npm run build" in your functions directory to resolve this.
[debug] [2020-09-25T14:39:15.175Z] DEBUG: [worker-~diagnostic~-4adba423-f018-4e2a-bb47-86df7bc2f39c]: exited
[debug] [2020-09-25T14:39:15.175Z] DEBUG: [worker-~diagnostic~-4adba423-f018-4e2a-bb47-86df7bc2f39c]: FINISHED
[debug] [2020-09-25T14:44:06.224Z] DEBUG: File /Users/tahooki/Documents/git/Regex-Explorer/functions/package.json changed, reloading triggers
[debug] [2020-09-25T14:44:07.224Z] DEBUG: [worker-pool] Cleaned up workers for ~diagnostic~: 1 --> 0
[debug] [2020-09-25T14:44:07.229Z] DEBUG: [worker-pool] addWorker(~diagnostic~)
[debug] [2020-09-25T14:44:07.229Z] DEBUG: [worker-pool] Adding worker with key ~diagnostic~, total=1
[debug] [2020-09-25T14:44:07.229Z] DEBUG: [worker-pool] submitWork(triggerId=)
[debug] [2020-09-25T14:44:07.229Z] DEBUG: [worker-~diagnostic~-e9506d91-98ac-4c72-b094-6f0da97a3a2f]: Assigning socketPath: /var/folders/40/y0klpcm56nq7y1q16gjchj9c0000gn/T/fire_emu_2572.sock
[debug] [2020-09-25T14:44:07.229Z] DEBUG: [worker-~diagnostic~-e9506d91-98ac-4c72-b094-6f0da97a3a2f]: BUSY
[debug] [2020-09-25T14:44:07.560Z] DEBUG: [runtime-status] [2572] Functions runtime initialized. {"cwd":"/Users/tahooki/Documents/git/Regex-Explorer/functions","node_version":"12.16.1"}
[debug] [2020-09-25T14:44:07.561Z] DEBUG: [runtime-status] [2572] Disabled runtime features: {"functions_config_helper":true,"network_filtering":true,"timeout":true,"memory_limiting":true,"admin_stubs":true,"pubsub_emulator":true}
[debug] [2020-09-25T14:44:07.563Z] DEBUG: [runtime-status] [2572] Resolved module firebase-admin {"declared":true,"installed":true,"version":"8.13.0","resolution":"/Users/tahooki/Documents/git/Regex-Explorer/functions/node_modules/firebase-admin/lib/index.js"}
[debug] [2020-09-25T14:44:07.564Z] DEBUG: [runtime-status] [2572] Resolved module firebase-functions {"declared":true,"installed":true,"version":"3.11.0","resolution":"/Users/tahooki/Documents/git/Regex-Explorer/functions/node_modules/firebase-functions/lib/index.js"}
[debug] [2020-09-25T14:44:07.564Z] DEBUG: [runtime-status] [2572] Resolved module firebase-functions {"declared":true,"installed":true,"version":"3.11.0","resolution":"/Users/tahooki/Documents/git/Regex-Explorer/functions/node_modules/firebase-functions/lib/index.js"}
[warn] ⚠  Error: Cannot find module '/Users/tahooki/Documents/git/Regex-Explorer/functions'
Require stack:
- /usr/local/lib/node_modules/firebase-tools/lib/emulator/functionsEmulatorRuntime.js
    at Function.Module._resolveFilename (internal/modules/cjs/loader.js:982:15)
    at Function.Module._load (internal/modules/cjs/loader.js:864:27)
    at Module.require (internal/modules/cjs/loader.js:1044:19)
    at require (internal/modules/cjs/helpers.js:77:18)
    at /usr/local/lib/node_modules/firebase-tools/lib/emulator/functionsEmulatorRuntime.js:759:33
    at Generator.next (<anonymous>)
    at fulfilled (/usr/local/lib/node_modules/firebase-tools/lib/emulator/functionsEmulatorRuntime.js:5:58)
    at processTicksAndRejections (internal/process/task_queues.js:97:5)
[warn] ⚠  We were unable to load your functions code. (see above)
   - It appears your code is written in Typescript, which must be compiled before emulation.
   - You may be able to run "npm run build" in your functions directory to resolve this.
[debug] [2020-09-25T14:44:07.610Z] DEBUG: [worker-~diagnostic~-e9506d91-98ac-4c72-b094-6f0da97a3a2f]: exited
[debug] [2020-09-25T14:44:07.610Z] DEBUG: [worker-~diagnostic~-e9506d91-98ac-4c72-b094-6f0da97a3a2f]: FINISHED
[debug] [2020-09-25T14:44:13.004Z] ----------------------------------------------------------------------
[debug] [2020-09-25T14:44:13.005Z] Command:       /usr/local/bin/node /usr/local/bin/firebase functions:shell
[debug] [2020-09-25T14:44:13.005Z] CLI Version:   7.16.0
[debug] [2020-09-25T14:44:13.005Z] Platform:      darwin
[debug] [2020-09-25T14:44:13.005Z] Node Version:  v12.16.1
[debug] [2020-09-25T14:44:13.005Z] Time:          Fri Sep 25 2020 23:44:13 GMT+0900 (Korean Standard Time)
[debug] [2020-09-25T14:44:13.005Z] ----------------------------------------------------------------------
[debug] [2020-09-25T14:44:13.006Z] 
[debug] [2020-09-25T14:44:13.012Z] > command requires scopes: ["email","openid","https://www.googleapis.com/auth/cloudplatformprojects.readonly","https://www.googleapis.com/auth/firebase","https://www.googleapis.com/auth/cloud-platform"]
[debug] [2020-09-25T14:44:13.012Z] > authorizing via signed-in user
[debug] [2020-09-25T14:44:13.012Z] [iam] checking project regex-explorer for permissions ["firebase.projects.get"]
[debug] [2020-09-25T14:44:13.014Z] >>> HTTP REQUEST POST https://cloudresourcemanager.googleapis.com/v1/projects/regex-explorer:testIamPermissions  

[debug] [2020-09-25T14:44:13.776Z] <<< HTTP RESPONSE 200
[warn] ⚠  Your requested "node" version "8" doesn't match your global version "12"
[info] ✔  functions: functions emulator started at http://localhost:5000
[debug] [2020-09-25T14:44:13.793Z] [functions] Watching "/Users/tahooki/Documents/git/Regex-Explorer/functions" for Cloud Functions...
[debug] [2020-09-25T14:44:13.800Z] DEBUG: [worker-pool] addWorker(~diagnostic~)
[debug] [2020-09-25T14:44:13.801Z] DEBUG: [worker-pool] Adding worker with key ~diagnostic~, total=1
[debug] [2020-09-25T14:44:13.801Z] DEBUG: [worker-pool] submitWork(triggerId=)
[debug] [2020-09-25T14:44:13.801Z] DEBUG: [worker-~diagnostic~-f271a2eb-5e0e-429e-b8de-12b34ded2405]: Assigning socketPath: /var/folders/40/y0klpcm56nq7y1q16gjchj9c0000gn/T/fire_emu_2583.sock
[debug] [2020-09-25T14:44:13.801Z] DEBUG: [worker-~diagnostic~-f271a2eb-5e0e-429e-b8de-12b34ded2405]: BUSY
[debug] [2020-09-25T14:44:13.965Z] DEBUG: [runtime-status] [2583] Functions runtime initialized. {"cwd":"/Users/tahooki/Documents/git/Regex-Explorer/functions","node_version":"12.16.1"}
[debug] [2020-09-25T14:44:13.966Z] DEBUG: [runtime-status] [2583] Disabled runtime features: {"functions_config_helper":true,"network_filtering":true,"timeout":true,"memory_limiting":true,"admin_stubs":true,"pubsub_emulator":true}
[debug] [2020-09-25T14:44:13.967Z] DEBUG: [runtime-status] [2583] Resolved module firebase-admin {"declared":true,"installed":true,"version":"8.13.0","resolution":"/Users/tahooki/Documents/git/Regex-Explorer/functions/node_modules/firebase-admin/lib/index.js"}
[debug] [2020-09-25T14:44:13.968Z] DEBUG: [runtime-status] [2583] Resolved module firebase-functions {"declared":true,"installed":true,"version":"3.11.0","resolution":"/Users/tahooki/Documents/git/Regex-Explorer/functions/node_modules/firebase-functions/lib/index.js"}
[debug] [2020-09-25T14:44:13.968Z] DEBUG: [runtime-status] [2583] Resolved module firebase-functions {"declared":true,"installed":true,"version":"3.11.0","resolution":"/Users/tahooki/Documents/git/Regex-Explorer/functions/node_modules/firebase-functions/lib/index.js"}
[warn] ⚠  Error: Cannot find module '/Users/tahooki/Documents/git/Regex-Explorer/functions'
Require stack:
- /usr/local/lib/node_modules/firebase-tools/lib/emulator/functionsEmulatorRuntime.js
    at Function.Module._resolveFilename (internal/modules/cjs/loader.js:982:15)
    at Function.Module._load (internal/modules/cjs/loader.js:864:27)
    at Module.require (internal/modules/cjs/loader.js:1044:19)
    at require (internal/modules/cjs/helpers.js:77:18)
    at /usr/local/lib/node_modules/firebase-tools/lib/emulator/functionsEmulatorRuntime.js:759:33
    at Generator.next (<anonymous>)
    at fulfilled (/usr/local/lib/node_modules/firebase-tools/lib/emulator/functionsEmulatorRuntime.js:5:58)
    at processTicksAndRejections (internal/process/task_queues.js:97:5)
[warn] ⚠  We were unable to load your functions code. (see above)
   - It appears your code is written in Typescript, which must be compiled before emulation.
   - You may be able to run "npm run build" in your functions directory to resolve this.
[debug] [2020-09-25T14:44:14.009Z] DEBUG: [worker-~diagnostic~-f271a2eb-5e0e-429e-b8de-12b34ded2405]: exited
[debug] [2020-09-25T14:44:14.009Z] DEBUG: [worker-~diagnostic~-f271a2eb-5e0e-429e-b8de-12b34ded2405]: FINISHED
[debug] [2020-09-25T14:44:32.335Z] DEBUG: File /Users/tahooki/Documents/git/Regex-Explorer/functions/package.json changed, reloading triggers
[debug] [2020-09-25T14:44:33.340Z] DEBUG: [worker-pool] Cleaned up workers for ~diagnostic~: 1 --> 0
[debug] [2020-09-25T14:44:33.345Z] DEBUG: [worker-pool] addWorker(~diagnostic~)
[debug] [2020-09-25T14:44:33.345Z] DEBUG: [worker-pool] Adding worker with key ~diagnostic~, total=1
[debug] [2020-09-25T14:44:33.345Z] DEBUG: [worker-pool] submitWork(triggerId=)
[debug] [2020-09-25T14:44:33.345Z] DEBUG: [worker-~diagnostic~-162f7937-662d-4e56-a2a2-5fc4c4ba488a]: Assigning socketPath: /var/folders/40/y0klpcm56nq7y1q16gjchj9c0000gn/T/fire_emu_2587.sock
[debug] [2020-09-25T14:44:33.345Z] DEBUG: [worker-~diagnostic~-162f7937-662d-4e56-a2a2-5fc4c4ba488a]: BUSY
[debug] [2020-09-25T14:44:33.520Z] DEBUG: [runtime-status] [2587] Functions runtime initialized. {"cwd":"/Users/tahooki/Documents/git/Regex-Explorer/functions","node_version":"12.16.1"}
[debug] [2020-09-25T14:44:33.521Z] DEBUG: [runtime-status] [2587] Disabled runtime features: {"functions_config_helper":true,"network_filtering":true,"timeout":true,"memory_limiting":true,"admin_stubs":true,"pubsub_emulator":true}
[debug] [2020-09-25T14:44:33.523Z] DEBUG: [runtime-status] [2587] Resolved module firebase-admin {"declared":true,"installed":true,"version":"8.13.0","resolution":"/Users/tahooki/Documents/git/Regex-Explorer/functions/node_modules/firebase-admin/lib/index.js"}
[debug] [2020-09-25T14:44:33.523Z] DEBUG: [runtime-status] [2587] Resolved module firebase-functions {"declared":true,"installed":true,"version":"3.11.0","resolution":"/Users/tahooki/Documents/git/Regex-Explorer/functions/node_modules/firebase-functions/lib/index.js"}
[debug] [2020-09-25T14:44:33.524Z] DEBUG: [runtime-status] [2587] Resolved module firebase-functions {"declared":true,"installed":true,"version":"3.11.0","resolution":"/Users/tahooki/Documents/git/Regex-Explorer/functions/node_modules/firebase-functions/lib/index.js"}
[warn] ⚠  Error: Cannot find module '/Users/tahooki/Documents/git/Regex-Explorer/functions/lib/index.js'. Please verify that the package.json has a valid "main" entry
    at tryPackage (internal/modules/cjs/loader.js:316:19)
    at Function.Module._findPath (internal/modules/cjs/loader.js:705:18)
    at Function.Module._resolveFilename (internal/modules/cjs/loader.js:969:27)
    at Function.Module._load (internal/modules/cjs/loader.js:864:27)
    at Module.require (internal/modules/cjs/loader.js:1044:19)
    at require (internal/modules/cjs/helpers.js:77:18)
    at /usr/local/lib/node_modules/firebase-tools/lib/emulator/functionsEmulatorRuntime.js:759:33
    at Generator.next (<anonymous>)
    at fulfilled (/usr/local/lib/node_modules/firebase-tools/lib/emulator/functionsEmulatorRuntime.js:5:58)
    at processTicksAndRejections (internal/process/task_queues.js:97:5)
[warn] ⚠  We were unable to load your functions code. (see above)
   - It appears your code is written in Typescript, which must be compiled before emulation.
   - You may be able to run "npm run build" in your functions directory to resolve this.
[debug] [2020-09-25T14:44:33.559Z] DEBUG: [worker-~diagnostic~-162f7937-662d-4e56-a2a2-5fc4c4ba488a]: exited
[debug] [2020-09-25T14:44:33.559Z] DEBUG: [worker-~diagnostic~-162f7937-662d-4e56-a2a2-5fc4c4ba488a]: FINISHED
